=== Attempt 1: initial failing local build ===

> hypoxanthineovo-site@0.0.1 build /home/heyx/Hypo-Website
> astro build

10:51:22 [content] Syncing content
10:51:22 [content] Synced content
10:51:22 [types] Generated 200ms
10:51:22 [build] output: "static"
10:51:22 [build] mode: "static"
10:51:22 [build] directory: /home/heyx/Hypo-Website/dist/
10:51:22 [build] Collecting build info...
10:51:22 [build] ✓ Completed in 221ms.
10:51:22 [build] Building static entrypoints...
10:51:23 [ERROR] [vite] ✗ Build failed in 726ms
LaTeX-incompatible input and strict mode is set to 'warn': Unrecognized Unicode character "⁍" (8269) [unknownSymbol]
No character metrics for '⁍' in style 'Main-Regular' and mode 'text'
LaTeX-incompatible input and strict mode is set to 'warn': Unrecognized Unicode character "’" (8217) [unknownSymbol]
LaTeX-incompatible input and strict mode is set to 'warn': Unrecognized Unicode character "’" (8217) [unknownSymbol]
LaTeX-incompatible input and strict mode is set to 'warn': Unrecognized Unicode character "’" (8217) [unknownSymbol]
LaTeX-incompatible input and strict mode is set to 'warn': In LaTeX, \\ or \newline does nothing in display mode [newLineInDisplayMode]
LaTeX-incompatible input and strict mode is set to 'warn': In LaTeX, \\ or \newline does nothing in display mode [newLineInDisplayMode]
LaTeX-incompatible input and strict mode is set to 'warn': In LaTeX, \\ or \newline does nothing in display mode [newLineInDisplayMode]
LaTeX-incompatible input and strict mode is set to 'warn': Unrecognized Unicode character "⁍" (8269) [unknownSymbol]
No character metrics for '⁍' in style 'Main-Regular' and mode 'text'
[@mdx-js/rollup] Unexpected character `!` (U+0021) before name, expected a character that can start a name, such as a letter, `$`, or `_` (note: to create a comment in MDX, use `{/* text */}`)
file: /home/heyx/Hypo-Website/src/content/posts/婉约词中的风骨.mdx:99:2
  Location:
    /home/heyx/Hypo-Website/src/content/posts/婉约词中的风骨.mdx:99:2
  Stack trace:
    at Object.transform (file:///home/heyx/Hypo-Website/node_modules/.pnpm/@astrojs+mdx@4.3.14_astro@5.18.1_@types+node@24.12.2_jiti@1.21.7_rollup@4.60.2_typescript@5.9.3_yaml@2.8.3_/node_modules/@astrojs/mdx/dist/vite-plugin-mdx.js:62:15)
 ELIFECYCLE  Command failed with exit code 1.

=== Attempt 2: after MDX comment fix ===

> hypoxanthineovo-site@0.0.1 build /home/heyx/Hypo-Website
> astro build

10:52:10 [content] Syncing content
10:52:10 [content] Synced content
10:52:10 [types] Generated 194ms
10:52:10 [build] output: "static"
10:52:10 [build] mode: "static"
10:52:10 [build] directory: /home/heyx/Hypo-Website/dist/
10:52:10 [build] Collecting build info...
10:52:10 [build] ✓ Completed in 214ms.
10:52:10 [build] Building static entrypoints...
10:52:11 [ERROR] [vite] ✗ Build failed in 683ms
LaTeX-incompatible input and strict mode is set to 'warn': Unrecognized Unicode character "⁍" (8269) [unknownSymbol]
No character metrics for '⁍' in style 'Main-Regular' and mode 'text'
LaTeX-incompatible input and strict mode is set to 'warn': Unrecognized Unicode character "’" (8217) [unknownSymbol]
LaTeX-incompatible input and strict mode is set to 'warn': Unrecognized Unicode character "’" (8217) [unknownSymbol]
LaTeX-incompatible input and strict mode is set to 'warn': Unrecognized Unicode character "’" (8217) [unknownSymbol]
LaTeX-incompatible input and strict mode is set to 'warn': In LaTeX, \\ or \newline does nothing in display mode [newLineInDisplayMode]
LaTeX-incompatible input and strict mode is set to 'warn': In LaTeX, \\ or \newline does nothing in display mode [newLineInDisplayMode]
LaTeX-incompatible input and strict mode is set to 'warn': In LaTeX, \\ or \newline does nothing in display mode [newLineInDisplayMode]
LaTeX-incompatible input and strict mode is set to 'warn': Unrecognized Unicode character "⁍" (8269) [unknownSymbol]
No character metrics for '⁍' in style 'Main-Regular' and mode 'text'
[@mdx-js/rollup] Expected the closing tag `</div>` either after the end of `listItem` (92:8) or another opening tag after the start of `listItem` (88:1)
file: /home/heyx/Hypo-Website/src/content/notes/paper-3dgaussian.mdx:90:3
  Location:
    /home/heyx/Hypo-Website/src/content/notes/paper-3dgaussian.mdx:90:3
  Stack trace:
    at Object.transform (file:///home/heyx/Hypo-Website/node_modules/.pnpm/@astrojs+mdx@4.3.14_astro@5.18.1_@types+node@24.12.2_jiti@1.21.7_rollup@4.60.2_typescript@5.9.3_yaml@2.8.3_/node_modules/@astrojs/mdx/dist/vite-plugin-mdx.js:62:15)
 ELIFECYCLE  Command failed with exit code 1.

=== Attempt 3: after div cleanup ===

> hypoxanthineovo-site@0.0.1 build /home/heyx/Hypo-Website
> astro build

10:53:10 [content] Syncing content
10:53:10 [content] Synced content
10:53:10 [types] Generated 202ms
10:53:10 [build] output: "static"
10:53:10 [build] mode: "static"
10:53:10 [build] directory: /home/heyx/Hypo-Website/dist/
10:53:10 [build] Collecting build info...
10:53:10 [build] ✓ Completed in 221ms.
10:53:10 [build] Building static entrypoints...
10:53:10 [ERROR] [vite] ✗ Build failed in 782ms
LaTeX-incompatible input and strict mode is set to 'warn': Unrecognized Unicode character "⁍" (8269) [unknownSymbol]
No character metrics for '⁍' in style 'Main-Regular' and mode 'text'
LaTeX-incompatible input and strict mode is set to 'warn': Unrecognized Unicode character "’" (8217) [unknownSymbol]
LaTeX-incompatible input and strict mode is set to 'warn': Unrecognized Unicode character "’" (8217) [unknownSymbol]
LaTeX-incompatible input and strict mode is set to 'warn': Unrecognized Unicode character "’" (8217) [unknownSymbol]
LaTeX-incompatible input and strict mode is set to 'warn': In LaTeX, \\ or \newline does nothing in display mode [newLineInDisplayMode]
LaTeX-incompatible input and strict mode is set to 'warn': In LaTeX, \\ or \newline does nothing in display mode [newLineInDisplayMode]
LaTeX-incompatible input and strict mode is set to 'warn': In LaTeX, \\ or \newline does nothing in display mode [newLineInDisplayMode]
LaTeX-incompatible input and strict mode is set to 'warn': Unrecognized Unicode character "⁍" (8269) [unknownSymbol]
No character metrics for '⁍' in style 'Main-Regular' and mode 'text'
[@mdx-js/rollup] Expected the closing tag `</aside>` either after the end of `listItem` (929:11) or another opening tag after the start of `listItem` (928:1)
file: /home/heyx/Hypo-Website/src/content/notes/final-cheatsheet.mdx:929:3
  Location:
    /home/heyx/Hypo-Website/src/content/notes/final-cheatsheet.mdx:929:3
  Stack trace:
    at Object.transform (file:///home/heyx/Hypo-Website/node_modules/.pnpm/@astrojs+mdx@4.3.14_astro@5.18.1_@types+node@24.12.2_jiti@1.21.7_rollup@4.60.2_typescript@5.9.3_yaml@2.8.3_/node_modules/@astrojs/mdx/dist/vite-plugin-mdx.js:62:15)
 ELIFECYCLE  Command failed with exit code 1.

=== Attempt 4: after aside cleanup ===

> hypoxanthineovo-site@0.0.1 build /home/heyx/Hypo-Website
> astro build

10:54:02 [content] Syncing content
10:54:02 [content] Synced content
10:54:02 [types] Generated 204ms
10:54:02 [build] output: "static"
10:54:02 [build] mode: "static"
10:54:02 [build] directory: /home/heyx/Hypo-Website/dist/
10:54:02 [build] Collecting build info...
10:54:02 [build] ✓ Completed in 224ms.
10:54:02 [build] Building static entrypoints...
10:54:03 [ERROR] [vite] ✗ Build failed in 1.03s
LaTeX-incompatible input and strict mode is set to 'warn': Unrecognized Unicode character "⁍" (8269) [unknownSymbol]
No character metrics for '⁍' in style 'Main-Regular' and mode 'text'
LaTeX-incompatible input and strict mode is set to 'warn': Unrecognized Unicode character "’" (8217) [unknownSymbol]
LaTeX-incompatible input and strict mode is set to 'warn': Unrecognized Unicode character "’" (8217) [unknownSymbol]
LaTeX-incompatible input and strict mode is set to 'warn': Unrecognized Unicode character "’" (8217) [unknownSymbol]
LaTeX-incompatible input and strict mode is set to 'warn': In LaTeX, \\ or \newline does nothing in display mode [newLineInDisplayMode]
LaTeX-incompatible input and strict mode is set to 'warn': In LaTeX, \\ or \newline does nothing in display mode [newLineInDisplayMode]
LaTeX-incompatible input and strict mode is set to 'warn': In LaTeX, \\ or \newline does nothing in display mode [newLineInDisplayMode]
LaTeX-incompatible input and strict mode is set to 'warn': Unrecognized Unicode character "⁍" (8269) [unknownSymbol]
No character metrics for '⁍' in style 'Main-Regular' and mode 'text'
[@mdx-js/rollup] Unexpected character `=` (U+003D) before name, expected a character that can start a name, such as a letter, `$`, or `_`
file: /home/heyx/Hypo-Website/src/content/notes/辐射场中的显式表达和隐式表达.mdx:61:13
  Location:
    /home/heyx/Hypo-Website/src/content/notes/辐射场中的显式表达和隐式表达.mdx:61:13
  Stack trace:
    at Object.transform (file:///home/heyx/Hypo-Website/node_modules/.pnpm/@astrojs+mdx@4.3.14_astro@5.18.1_@types+node@24.12.2_jiti@1.21.7_rollup@4.60.2_typescript@5.9.3_yaml@2.8.3_/node_modules/@astrojs/mdx/dist/vite-plugin-mdx.js:62:15)
 ELIFECYCLE  Command failed with exit code 1.

=== Final successful build ===

> hypoxanthineovo-site@0.0.1 build /home/heyx/Hypo-Website
> astro build

10:55:03 [content] Syncing content
10:55:03 [content] Synced content
10:55:03 [types] Generated 209ms
10:55:03 [build] output: "static"
10:55:03 [build] mode: "static"
10:55:03 [build] directory: /home/heyx/Hypo-Website/dist/
10:55:03 [build] Collecting build info...
10:55:03 [build] ✓ Completed in 231ms.
10:55:03 [build] Building static entrypoints...
LaTeX-incompatible input and strict mode is set to 'warn': Unrecognized Unicode character "⁍" (8269) [unknownSymbol]
No character metrics for '⁍' in style 'Main-Regular' and mode 'text'
LaTeX-incompatible input and strict mode is set to 'warn': Unrecognized Unicode character "’" (8217) [unknownSymbol]
LaTeX-incompatible input and strict mode is set to 'warn': Unrecognized Unicode character "’" (8217) [unknownSymbol]
LaTeX-incompatible input and strict mode is set to 'warn': Unrecognized Unicode character "’" (8217) [unknownSymbol]
LaTeX-incompatible input and strict mode is set to 'warn': In LaTeX, \\ or \newline does nothing in display mode [newLineInDisplayMode]
LaTeX-incompatible input and strict mode is set to 'warn': In LaTeX, \\ or \newline does nothing in display mode [newLineInDisplayMode]
LaTeX-incompatible input and strict mode is set to 'warn': In LaTeX, \\ or \newline does nothing in display mode [newLineInDisplayMode]
LaTeX-incompatible input and strict mode is set to 'warn': Unrecognized Unicode character "⁍" (8269) [unknownSymbol]
No character metrics for '⁍' in style 'Main-Regular' and mode 'text'
10:55:06 [vite] ✓ built in 3.09s
10:55:06 [build] ✓ Completed in 3.11s.

 building client (vite) 
10:55:06 [vite] transforming...
10:55:06 [vite] ✓ 1 modules transformed.
10:55:06 [vite] rendering chunks...
10:55:06 [vite] ✓ built in 6ms

 generating static routes 
10:55:06 ▶ src/pages/404.astro
10:55:06   └─ /404.html (+4ms) 
10:55:06 ▶ src/pages/about.astro
10:55:06   └─ /about/index.html (+1ms) 
10:55:06 ▶ src/pages/courses.astro
10:55:06   └─ /courses/index.html (+1ms) 
10:55:06 ▶ src/pages/notes/index.astro
10:55:06   └─ /notes/index.html (+5ms) 
10:55:06 ▶ src/pages/notes/[...slug].astro
10:55:06   ├─ /notes/marp/index.html (+3ms) 
10:55:06   ├─ /notes/latex/index.html (+3ms) 
10:55:06   ├─ /notes/metax-gpu-ecosystem/index.html (+2ms) 
10:55:06   ├─ /notes/辐射场中的显式表达和隐式表达/index.html (+4ms) 
10:55:06   ├─ /notes/testbench编写基础/index.html (+6ms) 
10:55:06   ├─ /notes/前端仿真/index.html (+4ms) 
10:55:06   ├─ /notes/c-and-cpp/index.html (+2ms) 
10:55:06   ├─ /notes/cuda/index.html (+1ms) 
10:55:06   ├─ /notes/python/index.html (+2ms) 
10:55:06   ├─ /notes/ssh/index.html (+1ms) 
10:55:06   ├─ /notes/final-cheatsheet/index.html (+12ms) 
10:55:06   ├─ /notes/中国芯片的前世今生/index.html (+2ms) 
10:55:06   ├─ /notes/midterm-cheatsheet/index.html (+8ms) 
10:55:06   ├─ /notes/paper-3dgaussian/index.html (+6ms) 
10:55:06   ├─ /notes/paper-neurex/index.html (+3ms) 
10:55:06   ├─ /notes/cheatsheet/index.html (+93ms) 
10:55:06   └─ /notes/paper-rtnerfandinstant3d/index.html (+5ms) 
10:55:06 ▶ src/pages/posts/index.astro
10:55:06   └─ /posts/index.html (+2ms) 
10:55:06 ▶ src/pages/posts/[...slug].astro
10:55:06   ├─ /posts/2024年诗词创作/index.html (+4ms) 
10:55:06   ├─ /posts/你见过停滞在空中的云吗/index.html (+1ms) 
10:55:06   ├─ /posts/马克思技术观在当代的应用和启示/index.html (+1ms) 
10:55:06   ├─ /posts/笔记本电脑选购指南/index.html (+3ms) 
10:55:06   ├─ /posts/不醒人之梦-创作小记/index.html (+1ms) 
10:55:06   ├─ /posts/智能的逆流与边界/index.html (+2ms) 
10:55:06   ├─ /posts/宋词中的感性和理性/index.html (+1ms) 
10:55:06   ├─ /posts/2023年诗词创作/index.html (+1ms) 
10:55:06   ├─ /posts/宋词导读拍照配词/index.html (+1ms) 
10:55:06   ├─ /posts/行见录-遗憾篇/index.html (+1ms) 
10:55:06   ├─ /posts/婉约词中的风骨/index.html (+1ms) 
10:55:06   ├─ /posts/2021下半年-2022年诗词创作/index.html (+1ms) 
10:55:06   ├─ /posts/行见录-相逢篇/index.html (+1ms) 
10:55:06   ├─ /posts/元代之后陆上丝绸之路凋敝的必然性/index.html (+2ms) 
10:55:06   ├─ /posts/灯河/index.html (+1ms) 
10:55:06   └─ /posts/楼林/index.html (+1ms) 
10:55:06 ▶ src/pages/projects/index.astro
10:55:06   └─ /projects/index.html (+1ms) 
10:55:06 ▶ src/pages/publications/index.astro
10:55:06   └─ /publications/index.html (+1ms) 
10:55:07 λ src/pages/rss.xml.js
10:55:07   └─ /rss.xml (+4ms) 
10:55:07 ▶ src/pages/tags/[tag].astro
10:55:07   ├─ /tags/creative-writing/index.html (+1ms) 
10:55:07   ├─ /tags/literary-essay/index.html (+1ms) 
10:55:07   └─ /tags/tooling-notes/index.html (+0ms) 
10:55:07 ▶ src/pages/tags/index.astro
10:55:07   └─ /tags/index.html (+1ms) 
10:55:07 ▶ src/pages/index.astro
10:55:07   └─ /index.html (+2ms) 
10:55:07 ✓ Completed in 232ms.

10:55:07 [@astrojs/sitemap] `sitemap-index.xml` created at `dist`
10:55:07 [build] 45 page(s) built in 3.59s
10:55:07 [build] Complete!
